T:6 C:"2021-01-17T19:54:50-05:00" F:"2021-01-17T20:02:05-05:00" P:"cli-ng" L:"bugfix" N:"Re-add `nil` checks for flags and args"
T:10 C:"2021-01-17T19:56:59-05:00" F:"2021-01-17T20:02:10-05:00" P:"cli-ng" L:"bugfix" N:"GenManPages panics on nil `interface{}` value"
T:13 C:"2021-01-17T19:57:59-05:00" F:"2021-01-29T20:23:51-05:00" P:"cli-ng" L:"bugfix" N:"PrintFlags should handle flags without 'short' names"
T:14 C:"2021-01-17T19:58:26-05:00" F:"2021-01-29T20:39:49-05:00" P:"cli-ng" L:"bugfix" N:"Missing newline after usage line in GenManPages when a command has no args"
T:15 C:"2021-01-17T19:58:48-05:00" F:"2021-01-29T21:20:43-05:00" P:"cli-ng" L:"bugfix" N:"PrintFlags doesn't print string from string types"
T:21 C:"2021-01-29T20:40:35-05:00" F:"2021-01-29T20:40:40-05:00" P:"cli-ng" L:"bugfix" N:"[Options...] is printed for sub-commands without options in GenManPages"
T:22 C:"2021-01-29T21:20:36-05:00" F:"2021-01-29T21:20:44-05:00" P:"cli-ng" L:"bugfix" N:"Usage doesn't print Arg types"
T:23 C:"2021-01-29T21:21:24-05:00" F:"2021-01-29T21:21:39-05:00" P:"cli-ng" L:"bugfix" N:"manpage doesn't print Arg types"
T:24 C:"2021-01-29T21:21:30-05:00" F:"2021-01-29T21:21:42-05:00" P:"cli-ng" L:"bugfix" N:"manpage doesn't print slice types"
T:25 C:"2021-01-29T21:22:01-05:00" F:"2021-01-29T21:22:06-05:00" P:"cli-ng" L:"bugfix" N:"Usage doesn't print Slice types"
T:1 C:"2021-01-17T19:52:35-05:00" F:"2021-01-17T20:02:25-05:00" P:"cli-ng" L:"core" N:"Switch to `tab/writer` for printing sub-commands, args, flags"
T:2 C:"2021-01-17T19:53:22-05:00" F:"2021-01-17T20:02:29-05:00" P:"cli-ng" L:"core" N:"Rework flag printing to automatically add types for non-bools"
T:3 C:"2021-01-17T19:53:41-05:00" F:"2021-01-17T20:02:32-05:00" P:"cli-ng" L:"core" N:"Rework manpage generation to be more DRY"
T:4 C:"2021-01-17T19:54:07-05:00" F:"2021-01-17T20:02:34-05:00" P:"cli-ng" L:"core" N:"Allow multiple short flags in a row (e.g. -tvf)"
T:5 C:"2021-01-17T19:54:26-05:00" F:"2021-01-17T20:02:44-05:00" P:"cli-ng" L:"core" N:"Enfore single-character 'short' names"
T:8 C:"2021-01-17T19:55:57-05:00" F:"2021-01-17T20:02:49-05:00" P:"cli-ng" L:"core" N:"add flag to suppress man page for a sub-command"
T:9 C:"2021-01-17T19:56:22-05:00" F:"2021-01-17T20:02:55-05:00" P:"cli-ng" L:"core" N:"Add sub-command for creating cymlinks for Single binaries"
T:18 C:"2021-01-17T19:59:53-05:00" F:"2021-01-29T22:03:33-05:00" P:"cli-ng" L:"core" N:"Add Version field to `cmd.Root`"
T:26 C:"2021-01-29T22:04:51-05:00" F:"2021-01-29T22:05:02-05:00" P:"cli-ng" L:"core" N:"Add License to `cmd.Root`"
T:27 C:"2021-01-29T22:04:58-05:00" F:"2021-01-29T22:05:03-05:00" P:"cli-ng" L:"core" N:"Add Copyright to `cmd.Root`"
T:7 C:"2021-01-17T19:55:32-05:00" F:"2021-01-17T20:03:05-05:00" P:"cli-ng" L:"feature" N:"Allow empty slice arguments (sero struct tag)"
T:11 C:"2021-01-17T19:57:24-05:00" F:"2021-01-17T20:03:28-05:00" P:"cli-ng" L:"feature" N:"GenManPages should print type for flags"
T:12 C:"2021-01-17T19:57:33-05:00" F:"2021-01-17T20:03:31-05:00" P:"cli-ng" L:"feature" N:"PrintFlags should print type for flags"
T:16 C:"2021-01-17T19:59:12-05:00" F:"2021-01-29T22:05:15-05:00" P:"cli-ng" L:"feature" N:"Add copyright notice for man pages"
T:17 C:"2021-01-17T19:59:27-05:00" F:"2021-01-29T22:05:59-05:00" P:"cli-ng" L:"feature" N:"Add version command which also prints copyright notice"
T:28 C:"2021-01-29T22:05:49-05:00" F:"2021-01-29T22:05:52-05:00" P:"cli-ng" L:"feature" N:"Add license notice for man pages"
